ReactNative_SDK/ReactNativeSampleApp/android/app/build/intermediates/manifest_merge_blame_file/debug/manifest-merger-blame-debug-report.txt
1<?xml version="1.0" encoding="utf-8"?>
2<manifest xmlns:android="http://schemas.android.com/apk/res/android"
3    package="com.hkycrn"
4    android:versionCode="1"
5    android:versionName="1.0" >
6
7    <uses-sdk
8        android:minSdkVersion="21"
9        android:targetSdkVersion="34" />
10
11    <uses-permission android:name="android.permission.INTERNET" />
11-->src/main/AndroidManifest.xml:3:5-67
11-->src/main/AndroidManifest.xml:3:22-64
12    <uses-permission android:name="android.permission.WRITE_EXTERNAL_STORAGE" />
12-->[:react-native-fs] AndroidManifest.xml:7:5-81
12-->[:react-native-fs] AndroidManifest.xml:7:22-78
13    <uses-permission android:name="android.permission.READ_EXTERNAL_STORAGE" />
14    <!--
15    This manifest file is used only by Gradle to configure debug-only capabilities
16    for React Native Apps.
17    -->
18    <uses-permission android:name="android.permission.SYSTEM_ALERT_WINDOW" />
18-->[com.facebook.react:react-android:0.73.11] AndroidManifest.xml:16:5-78
18-->[com.facebook.react:react-android:0.73.11] AndroidManifest.xml:16:22-75
19    <uses-permission android:name="android.permission.ACCESS_NETWORK_STATE" />
19-->[co.hyperverge:hyperkyc:0.40.1] AndroidManifest.xml:9:5-79
19-->[co.hyperverge:hyperkyc:0.40.1] AndroidManifest.xml:9:22-76
20    <uses-permission android:name="android.permission.RECORD_AUDIO" />
20-->[co.hyperverge:hyperkyc:0.40.1] AndroidManifest.xml:10:5-71
20-->[co.hyperverge:hyperkyc:0.40.1] AndroidManifest.xml:10:22-68
21    <uses-permission android:name="android.permission.MODIFY_AUDIO_SETTINGS" />
21-->[co.hyperverge:hyperkyc:0.40.1] AndroidManifest.xml:11:5-80
21-->[co.hyperverge:hyperkyc:0.40.1] AndroidManifest.xml:11:22-77
22    <uses-permission android:name="android.permission.ACCESS_WIFI_STATE" />
22-->[com.facebook.flipper:flipper:0.201.0] AndroidManifest.xml:14:5-76
22-->[com.facebook.flipper:flipper:0.201.0] AndroidManifest.xml:14:22-73
23    <uses-permission android:name="android.permission.CAMERA" />
23-->[co.hyperverge:hypersnapsdk:5.0.2] AndroidManifest.xml:13:5-65
23-->[co.hyperverge:hypersnapsdk:5.0.2] AndroidManifest.xml:13:22-62
24    <uses-permission android:name="android.permission.ACCESS_FINE_LOCATION" />
24-->[co.hyperverge:hypersnapsdk:5.0.2] AndroidManifest.xml:14:5-79
24-->[co.hyperverge:hypersnapsdk:5.0.2] AndroidManifest.xml:14:22-76
25    <uses-permission android:name="android.permission.ACCESS_COARSE_LOCATION" />
25-->[co.hyperverge:hypersnapsdk:5.0.2] AndroidManifest.xml:15:5-81
25-->[co.hyperverge:hypersnapsdk:5.0.2] AndroidManifest.xml:15:22-78
26
27    <permission
27-->[androidx.core:core:1.16.0-beta01] AndroidManifest.xml:22:5-24:47
28        android:name="com.hkycrn.DYNAMIC_RECEIVER_NOT_EXPORTED_PERMISSION"
28-->[androidx.core:core:1.16.0-beta01] AndroidManifest.xml:23:9-81
29        android:protectionLevel="signature" />
29-->[androidx.core:core:1.16.0-beta01] AndroidManifest.xml:24:9-44
30
31    <uses-permission android:name="com.hkycrn.DYNAMIC_RECEIVER_NOT_EXPORTED_PERMISSION" />
31-->[androidx.core:core:1.16.0-beta01] AndroidManifest.xml:26:5-97
31-->[androidx.core:core:1.16.0-beta01] AndroidManifest.xml:26:22-94
32
33    <application
33-->src/main/AndroidManifest.xml:5:5-24:19
34        android:name="com.hkycrn.MainApplication"
34-->src/main/AndroidManifest.xml:6:7-38
35        android:allowBackup="false"
35-->src/main/AndroidManifest.xml:10:7-34
36        android:appComponentFactory="androidx.core.app.CoreComponentFactory"
36-->[androidx.core:core:1.16.0-beta01] AndroidManifest.xml:28:18-86
37        android:debuggable="true"
38        android:extractNativeLibs="true"
39        android:icon="@mipmap/ic_launcher"
39-->src/main/AndroidManifest.xml:8:7-41
40        android:label="@string/app_name"
40-->src/main/AndroidManifest.xml:7:7-39
41        android:roundIcon="@mipmap/ic_launcher_round"
41-->src/main/AndroidManifest.xml:9:7-52
42        android:supportsRtl="true"
42-->[co.hyperverge:hypersnapsdk:5.0.2] AndroidManifest.xml:17:18-44
43        android:theme="@style/AppTheme"
43-->src/main/AndroidManifest.xml:11:7-38
44        android:usesCleartextTraffic="true" >
44-->src/debug/AndroidManifest.xml:6:9-44
45        <activity
45-->src/main/AndroidManifest.xml:12:7-23:18
46            android:name="com.hkycrn.MainActivity"
46-->src/main/AndroidManifest.xml:13:9-37
47            android:configChanges="keyboard|keyboardHidden|orientation|screenLayout|screenSize|smallestScreenSize|uiMode"
47-->src/main/AndroidManifest.xml:15:9-118
48            android:exported="true"
48-->src/main/AndroidManifest.xml:18:9-32
49            android:label="@string/app_name"
49-->src/main/AndroidManifest.xml:14:9-41
50            android:launchMode="singleTask"
50-->src/main/AndroidManifest.xml:16:9-40
51            android:windowSoftInputMode="adjustResize" >
51-->src/main/AndroidManifest.xml:17:9-51
52            <intent-filter>
52-->src/main/AndroidManifest.xml:19:9-22:25
53                <action android:name="android.intent.action.MAIN" />
53-->src/main/AndroidManifest.xml:20:13-65
53-->src/main/AndroidManifest.xml:20:21-62
54
55                <category android:name="android.intent.category.LAUNCHER" />
55-->src/main/AndroidManifest.xml:21:13-73
55-->src/main/AndroidManifest.xml:21:23-70
56            </intent-filter>
57        </activity>
58        <activity
58-->[com.facebook.react:react-android:0.73.11] AndroidManifest.xml:19:9-21:40
59            android:name="com.facebook.react.devsupport.DevSettingsActivity"
59-->[com.facebook.react:react-android:0.73.11] AndroidManifest.xml:20:13-77
60            android:exported="false" />
60-->[com.facebook.react:react-android:0.73.11] AndroidManifest.xml:21:13-37
61        <activity
61-->[co.hyperverge:hyperkyc:0.40.1] AndroidManifest.xml:19:9-25:46
62            android:name="co.hyperverge.hyperkyc.webCore.ui.HKConfigLoadingActivity"
62-->[co.hyperverge:hyperkyc:0.40.1] AndroidManifest.xml:20:13-85
63            android:configChanges="density|fontScale|keyboard|keyboardHidden|layoutDirection|locale|orientation|screenLayout|screenSize|uiMode|colorMode|fontWeightAdjustment"
63-->[co.hyperverge:hyperkyc:0.40.1] AndroidManifest.xml:21:13-175
64            android:exported="false"
64-->[co.hyperverge:hyperkyc:0.40.1] AndroidManifest.xml:22:13-37
65            android:launchMode="singleTop"
65-->[co.hyperverge:hyperkyc:0.40.1] AndroidManifest.xml:23:13-43
66            android:screenOrientation="portrait"
66-->[co.hyperverge:hyperkyc:0.40.1] AndroidManifest.xml:24:13-49
67            android:theme="@style/HKTheme" />
67-->[co.hyperverge:hyperkyc:0.40.1] AndroidManifest.xml:25:13-43
68        <activity
68-->[co.hyperverge:hyperkyc:0.40.1] AndroidManifest.xml:26:9-33:55
69            android:name="co.hyperverge.hyperkyc.ui.WorkflowLoadingActivity"
69-->[co.hyperverge:hyperkyc:0.40.1] AndroidManifest.xml:27:13-77
70            android:configChanges="density|fontScale|keyboard|keyboardHidden|layoutDirection|locale|orientation|screenLayout|screenSize|uiMode|colorMode|fontWeightAdjustment"
70-->[co.hyperverge:hyperkyc:0.40.1] AndroidManifest.xml:28:13-175
71            android:exported="false"
71-->[co.hyperverge:hyperkyc:0.40.1] AndroidManifest.xml:29:13-37
72            android:launchMode="singleTop"
72-->[co.hyperverge:hyperkyc:0.40.1] AndroidManifest.xml:30:13-43
73            android:screenOrientation="portrait"
73-->[co.hyperverge:hyperkyc:0.40.1] AndroidManifest.xml:31:13-49
74            android:theme="@style/HKTheme"
74-->[co.hyperverge:hyperkyc:0.40.1] AndroidManifest.xml:32:13-43
75            android:windowSoftInputMode="adjustPan" />
75-->[co.hyperverge:hyperkyc:0.40.1] AndroidManifest.xml:33:13-52
76        <activity
76-->[co.hyperverge:hyperkyc:0.40.1] AndroidManifest.xml:34:9-46:20
77            android:name="co.hyperverge.hyperkyc.ui.HKMainActivity"
77-->[co.hyperverge:hyperkyc:0.40.1] AndroidManifest.xml:35:13-68
78            android:configChanges="density|fontScale|keyboard|keyboardHidden|layoutDirection|locale|orientation|screenLayout|screenSize|uiMode|colorMode|fontWeightAdjustment"
78-->[co.hyperverge:hyperkyc:0.40.1] AndroidManifest.xml:36:13-175
79            android:exported="false"
79-->[co.hyperverge:hyperkyc:0.40.1] AndroidManifest.xml:37:13-37
80            android:screenOrientation="portrait"
80-->[co.hyperverge:hyperkyc:0.40.1] AndroidManifest.xml:38:13-49
81            android:theme="@style/HKTheme"
81-->[co.hyperverge:hyperkyc:0.40.1] AndroidManifest.xml:39:13-43
82            android:windowSoftInputMode="adjustPan" >
82-->[co.hyperverge:hyperkyc:0.40.1] AndroidManifest.xml:40:13-52
83            <intent-filter>
83-->[co.hyperverge:hyperkyc:0.40.1] AndroidManifest.xml:41:13-45:29
84                <action android:name="co.hyperverge.hyperkyc.REQUEST" />
84-->[co.hyperverge:hyperkyc:0.40.1] AndroidManifest.xml:42:17-73
84-->[co.hyperverge:hyperkyc:0.40.1] AndroidManifest.xml:42:25-70
85
86                <category android:name="android.intent.category.DEFAULT" />
86-->[co.hyperverge:hyperkyc:0.40.1] AndroidManifest.xml:44:17-76
86-->[co.hyperverge:hyperkyc:0.40.1] AndroidManifest.xml:44:27-73
87            </intent-filter>
88        </activity>
89        <activity
89-->[co.hyperverge:hyperkyc:0.40.1] AndroidManifest.xml:47:9-60:20
90            android:name="co.hyperverge.hyperkyc.webCore.ui.HKWebCoreActivity"
90-->[co.hyperverge:hyperkyc:0.40.1] AndroidManifest.xml:48:13-79
91            android:configChanges="density|fontScale|keyboard|keyboardHidden|layoutDirection|locale|orientation|screenLayout|screenSize|uiMode|colorMode|fontWeightAdjustment"
91-->[co.hyperverge:hyperkyc:0.40.1] AndroidManifest.xml:49:13-175
92            android:exported="false"
92-->[co.hyperverge:hyperkyc:0.40.1] AndroidManifest.xml:50:13-37
93            android:launchMode="singleTop"
93-->[co.hyperverge:hyperkyc:0.40.1] AndroidManifest.xml:51:13-43
94            android:screenOrientation="portrait"
94-->[co.hyperverge:hyperkyc:0.40.1] AndroidManifest.xml:52:13-49
95            android:theme="@style/HKTheme"
95-->[co.hyperverge:hyperkyc:0.40.1] AndroidManifest.xml:53:13-43
96            android:windowSoftInputMode="adjustResize" >
96-->[co.hyperverge:hyperkyc:0.40.1] AndroidManifest.xml:54:13-55
97            <intent-filter>
97-->[co.hyperverge:hyperkyc:0.40.1] AndroidManifest.xml:41:13-45:29
98                <action android:name="co.hyperverge.hyperkyc.REQUEST" />
98-->[co.hyperverge:hyperkyc:0.40.1] AndroidManifest.xml:42:17-73
98-->[co.hyperverge:hyperkyc:0.40.1] AndroidManifest.xml:42:25-70
99
100                <category android:name="android.intent.category.DEFAULT" />
100-->[co.hyperverge:hyperkyc:0.40.1] AndroidManifest.xml:44:17-76
100-->[co.hyperverge:hyperkyc:0.40.1] AndroidManifest.xml:44:27-73
101            </intent-filter>
102        </activity>
103        <activity
103-->[co.hyperverge:hyperkyc:0.40.1] AndroidManifest.xml:61:9-66:46
104            android:name="co.hyperverge.hyperkyc.ui.HKBrowserActivity"
104-->[co.hyperverge:hyperkyc:0.40.1] AndroidManifest.xml:62:13-71
105            android:exported="false"
105-->[co.hyperverge:hyperkyc:0.40.1] AndroidManifest.xml:63:13-37
106            android:launchMode="singleTask"
106-->[co.hyperverge:hyperkyc:0.40.1] AndroidManifest.xml:64:13-44
107            android:screenOrientation="portrait"
107-->[co.hyperverge:hyperkyc:0.40.1] AndroidManifest.xml:65:13-49
108            android:theme="@style/HKTheme" />
108-->[co.hyperverge:hyperkyc:0.40.1] AndroidManifest.xml:66:13-43
109        <activity
109-->[co.hyperverge:hyperkyc:0.40.1] AndroidManifest.xml:67:9-78:20
110            android:name="co.hyperverge.hyperkyc.ui.HKRedirectionActivity"
110-->[co.hyperverge:hyperkyc:0.40.1] AndroidManifest.xml:68:13-75
111            android:exported="true" >
111-->[co.hyperverge:hyperkyc:0.40.1] AndroidManifest.xml:69:13-36
112            <intent-filter>
112-->[co.hyperverge:hyperkyc:0.40.1] AndroidManifest.xml:70:13-77:29
113                <action android:name="android.intent.action.VIEW" />
113-->[co.hyperverge:hyperkyc:0.40.1] AndroidManifest.xml:71:17-69
113-->[co.hyperverge:hyperkyc:0.40.1] AndroidManifest.xml:71:25-66
114
115                <category android:name="android.intent.category.DEFAULT" />
115-->[co.hyperverge:hyperkyc:0.40.1] AndroidManifest.xml:44:17-76
115-->[co.hyperverge:hyperkyc:0.40.1] AndroidManifest.xml:44:27-73
116                <category android:name="android.intent.category.BROWSABLE" />
116-->[co.hyperverge:hyperkyc:0.40.1] AndroidManifest.xml:74:17-78
116-->[co.hyperverge:hyperkyc:0.40.1] AndroidManifest.xml:74:27-75
117
118                <data android:scheme="" />
118-->[co.hyperverge:hyperkyc:0.40.1] AndroidManifest.xml:76:17-43
118-->[co.hyperverge:hyperkyc:0.40.1] AndroidManifest.xml:76:23-40
119            </intent-filter>
120        </activity> <!-- For foreground service not sure if it will be used -->
121        <!--
122             <service
123            android:name=".services.FileUploadService"
124            android:label="File upload service"
125            />
126        -->
127        <meta-data
127-->[co.hyperverge:hyperkyc:0.40.1] AndroidManifest.xml:87:9-89:60
128            android:name="hk_preloaded_fonts"
128-->[co.hyperverge:hyperkyc:0.40.1] AndroidManifest.xml:88:13-46
129            android:resource="@array/hk_preloaded_fonts" />
129-->[co.hyperverge:hyperkyc:0.40.1] AndroidManifest.xml:89:13-57
130
131        <activity
131-->[co.hyperverge:hypersnapsdk:5.0.2] AndroidManifest.xml:18:9-23:46
132            android:name="co.hyperverge.hypersnapsdk.activities.HVConsentActivity"
132-->[co.hyperverge:hypersnapsdk:5.0.2] AndroidManifest.xml:19:13-83
133            android:configChanges="density|fontScale|keyboard|keyboardHidden|layoutDirection|locale|orientation|screenLayout|screenSize|uiMode|colorMode|fontWeightAdjustment"
133-->[co.hyperverge:hypersnapsdk:5.0.2] AndroidManifest.xml:20:13-175
134            android:exported="false"
134-->[co.hyperverge:hypersnapsdk:5.0.2] AndroidManifest.xml:21:13-37
135            android:screenOrientation="portrait"
135-->[co.hyperverge:hypersnapsdk:5.0.2] AndroidManifest.xml:22:13-49
136            android:theme="@style/HSTheme" />
136-->[co.hyperverge:hypersnapsdk:5.0.2] AndroidManifest.xml:23:13-43
137        <activity
137-->[co.hyperverge:hypersnapsdk:5.0.2] AndroidManifest.xml:24:9-28:46
138            android:name="co.hyperverge.hypersnapsdk.activities.HVRetakeActivity"
138-->[co.hyperverge:hypersnapsdk:5.0.2] AndroidManifest.xml:25:13-82
139            android:configChanges="density|fontScale|keyboard|keyboardHidden|layoutDirection|locale|orientation|screenLayout|screenSize|uiMode|colorMode|fontWeightAdjustment"
139-->[co.hyperverge:hypersnapsdk:5.0.2] AndroidManifest.xml:26:13-175
140            android:screenOrientation="portrait"
140-->[co.hyperverge:hypersnapsdk:5.0.2] AndroidManifest.xml:27:13-49
141            android:theme="@style/HSTheme" />
141-->[co.hyperverge:hypersnapsdk:5.0.2] AndroidManifest.xml:28:13-43
142        <!--
143<activity
144            android:name=".activities.HVDocInstructionActivity"
145            android:configChanges="locale"
146            android:screenOrientation="portrait"
147            android:theme="@style/HSTheme" />
148        -->
149        <activity
149-->[co.hyperverge:hypersnapsdk:5.0.2] AndroidManifest.xml:36:9-40:46
150            android:name="co.hyperverge.hypersnapsdk.activities.HVDocsActivity"
150-->[co.hyperverge:hypersnapsdk:5.0.2] AndroidManifest.xml:37:13-80
151            android:configChanges="density|fontScale|keyboard|keyboardHidden|layoutDirection|locale|orientation|screenLayout|screenSize|uiMode|colorMode|fontWeightAdjustment"
151-->[co.hyperverge:hypersnapsdk:5.0.2] AndroidManifest.xml:38:13-175
152            android:screenOrientation="portrait"
152-->[co.hyperverge:hypersnapsdk:5.0.2] AndroidManifest.xml:39:13-49
153            android:theme="@style/HSTheme" />
153-->[co.hyperverge:hypersnapsdk:5.0.2] AndroidManifest.xml:40:13-43
154        <activity
154-->[co.hyperverge:hypersnapsdk:5.0.2] AndroidManifest.xml:41:9-45:46
155            android:name="co.hyperverge.hypersnapsdk.activities.HVFaceInstructionActivity"
155-->[co.hyperverge:hypersnapsdk:5.0.2] AndroidManifest.xml:42:13-91
156            android:configChanges="density|fontScale|keyboard|keyboardHidden|layoutDirection|locale|orientation|screenLayout|screenSize|uiMode|colorMode|fontWeightAdjustment"
156-->[co.hyperverge:hypersnapsdk:5.0.2] AndroidManifest.xml:43:13-175
157            android:screenOrientation="portrait"
157-->[co.hyperverge:hypersnapsdk:5.0.2] AndroidManifest.xml:44:13-49
158            android:theme="@style/HSTheme" />
158-->[co.hyperverge:hypersnapsdk:5.0.2] AndroidManifest.xml:45:13-43
159        <activity
159-->[co.hyperverge:hypersnapsdk:5.0.2] AndroidManifest.xml:46:9-50:46
160            android:name="co.hyperverge.hypersnapsdk.activities.HVFaceActivity"
160-->[co.hyperverge:hypersnapsdk:5.0.2] AndroidManifest.xml:47:13-80
161            android:configChanges="density|fontScale|keyboard|keyboardHidden|layoutDirection|locale|orientation|screenLayout|screenSize|uiMode|colorMode|fontWeightAdjustment"
161-->[co.hyperverge:hypersnapsdk:5.0.2] AndroidManifest.xml:48:13-175
162            android:screenOrientation="portrait"
162-->[co.hyperverge:hypersnapsdk:5.0.2] AndroidManifest.xml:49:13-49
163            android:theme="@style/HSTheme" />
163-->[co.hyperverge:hypersnapsdk:5.0.2] AndroidManifest.xml:50:13-43
164        <activity
164-->[co.hyperverge:hypersnapsdk:5.0.2] AndroidManifest.xml:51:9-55:46
165            android:name="co.hyperverge.hypersnapsdk.activities.HVDocReviewActivity"
165-->[co.hyperverge:hypersnapsdk:5.0.2] AndroidManifest.xml:52:13-85
166            android:configChanges="density|fontScale|keyboard|keyboardHidden|layoutDirection|locale|orientation|screenLayout|screenSize|uiMode|colorMode|fontWeightAdjustment"
166-->[co.hyperverge:hypersnapsdk:5.0.2] AndroidManifest.xml:53:13-175
167            android:screenOrientation="portrait"
167-->[co.hyperverge:hypersnapsdk:5.0.2] AndroidManifest.xml:54:13-49
168            android:theme="@style/HSTheme" />
168-->[co.hyperverge:hypersnapsdk:5.0.2] AndroidManifest.xml:55:13-43
169        <activity
169-->[co.hyperverge:hypersnapsdk:5.0.2] AndroidManifest.xml:56:9-59:46
170            android:name="co.hyperverge.hypersnapsdk.activities.HVQRScannerActivityInternal"
170-->[co.hyperverge:hypersnapsdk:5.0.2] AndroidManifest.xml:57:13-93
171            android:configChanges="density|fontScale|keyboard|keyboardHidden|layoutDirection|locale|orientation|screenLayout|screenSize|uiMode|colorMode|fontWeightAdjustment"
171-->[co.hyperverge:hypersnapsdk:5.0.2] AndroidManifest.xml:58:13-175
172            android:theme="@style/HSTheme" />
172-->[co.hyperverge:hypersnapsdk:5.0.2] AndroidManifest.xml:59:13-43
173
174        <meta-data
174-->[co.hyperverge:hypersnapsdk:5.0.2] AndroidManifest.xml:61:9-63:39
175            android:name="com.google.android.gms.vision.DEPENDENCIES"
175-->[co.hyperverge:hypersnapsdk:5.0.2] AndroidManifest.xml:62:13-70
176            android:value="barcode" /> <!-- <service -->
176-->[co.hyperverge:hypersnapsdk:5.0.2] AndroidManifest.xml:63:13-36
177        <!-- android:name=".analytics.mixpanel.network.MixPanelIntentService" -->
178        <!-- android:exported="false" -->
179        <!-- android:permission="android.permission.BIND_JOB_SERVICE" /> -->
180        <meta-data
180-->[co.hyperverge:hypersnapsdk:5.0.2] AndroidManifest.xml:67:9-69:36
181            android:name="com.google.mlkit.vision.DEPENDENCIES"
181-->[co.hyperverge:hypersnapsdk:5.0.2] AndroidManifest.xml:68:13-64
182            android:value="face" />
182-->[co.hyperverge:hypersnapsdk:5.0.2] AndroidManifest.xml:69:13-33
183        <meta-data
183-->[co.hyperverge:hypersnapsdk:5.0.2] AndroidManifest.xml:70:9-72:57
184            android:name="preloaded_fonts"
184-->[co.hyperverge:hypersnapsdk:5.0.2] AndroidManifest.xml:71:13-43
185            android:resource="@array/preloaded_fonts" /> <!-- todo check if we or clients can remove this (Phase 2) -->
185-->[co.hyperverge:hypersnapsdk:5.0.2] AndroidManifest.xml:72:13-54
186        <meta-data
186-->[co.hyperverge:crashguardsdk:2.0.6] AndroidManifest.xml:14:9-16:37
187            android:name="io.sentry.auto-init"
187-->[co.hyperverge:crashguardsdk:2.0.6] AndroidManifest.xml:15:13-47
188            android:value="false" />
188-->[co.hyperverge:crashguardsdk:2.0.6] AndroidManifest.xml:16:13-34
189
190        <service
190-->[androidx.camera:camera-camera2:1.3.3] AndroidManifest.xml:24:9-33:19
191            android:name="androidx.camera.core.impl.MetadataHolderService"
191-->[androidx.camera:camera-camera2:1.3.3] AndroidManifest.xml:25:13-75
192            android:enabled="false"
192-->[androidx.camera:camera-camera2:1.3.3] AndroidManifest.xml:26:13-36
193            android:exported="false" >
193-->[androidx.camera:camera-camera2:1.3.3] AndroidManifest.xml:27:13-37
194            <meta-data
194-->[androidx.camera:camera-camera2:1.3.3] AndroidManifest.xml:30:13-32:89
195                android:name="androidx.camera.core.impl.MetadataHolderService.DEFAULT_CONFIG_PROVIDER"
195-->[androidx.camera:camera-camera2:1.3.3] AndroidManifest.xml:31:17-103
196                android:value="androidx.camera.camera2.Camera2Config$DefaultProvider" />
196-->[androidx.camera:camera-camera2:1.3.3] AndroidManifest.xml:32:17-86
197        </service>
198        <service
198-->[com.google.android.gms:play-services-mlkit-face-detection:17.0.1] AndroidManifest.xml:9:9-15:19
199            android:name="com.google.mlkit.common.internal.MlKitComponentDiscoveryService"
199-->[com.google.android.gms:play-services-mlkit-face-detection:17.0.1] AndroidManifest.xml:10:13-91
200            android:directBootAware="true"
200-->[com.google.mlkit:common:18.5.0] AndroidManifest.xml:17:13-43
201            android:exported="false" >
201-->[com.google.android.gms:play-services-mlkit-face-detection:17.0.1] AndroidManifest.xml:11:13-37
202            <meta-data
202-->[com.google.android.gms:play-services-mlkit-face-detection:17.0.1] AndroidManifest.xml:12:13-14:85
203                android:name="com.google.firebase.components:com.google.mlkit.vision.face.internal.FaceRegistrar"
203-->[com.google.android.gms:play-services-mlkit-face-detection:17.0.1] AndroidManifest.xml:13:17-114
204                android:value="com.google.firebase.components.ComponentRegistrar" />
204-->[com.google.android.gms:play-services-mlkit-face-detection:17.0.1] AndroidManifest.xml:14:17-82
205            <meta-data
205-->[com.google.android.gms:play-services-mlkit-barcode-scanning:18.1.0] AndroidManifest.xml:12:13-14:85
206                android:name="com.google.firebase.components:com.google.mlkit.vision.barcode.internal.BarcodeRegistrar"
206-->[com.google.android.gms:play-services-mlkit-barcode-scanning:18.1.0] AndroidManifest.xml:13:17-120
207                android:value="com.google.firebase.components.ComponentRegistrar" />
207-->[com.google.android.gms:play-services-mlkit-barcode-scanning:18.1.0] AndroidManifest.xml:14:17-82
208            <meta-data
208-->[com.google.mlkit:vision-common:17.2.0] AndroidManifest.xml:12:13-14:85
209                android:name="com.google.firebase.components:com.google.mlkit.vision.common.internal.VisionCommonRegistrar"
209-->[com.google.mlkit:vision-common:17.2.0] AndroidManifest.xml:13:17-124
210                android:value="com.google.firebase.components.ComponentRegistrar" />
210-->[com.google.mlkit:vision-common:17.2.0] AndroidManifest.xml:14:17-82
211            <meta-data
211-->[com.google.mlkit:common:18.5.0] AndroidManifest.xml:20:13-22:85
212                android:name="com.google.firebase.components:com.google.mlkit.common.internal.CommonComponentRegistrar"
212-->[com.google.mlkit:common:18.5.0] AndroidManifest.xml:21:17-120
213                android:value="com.google.firebase.components.ComponentRegistrar" />
213-->[com.google.mlkit:common:18.5.0] AndroidManifest.xml:22:17-82
214        </service>
215
216        <provider
216-->[com.google.mlkit:common:18.5.0] AndroidManifest.xml:9:9-13:38
217            android:name="com.google.mlkit.common.internal.MlKitInitProvider"
217-->[com.google.mlkit:common:18.5.0] AndroidManifest.xml:10:13-78
218            android:authorities="com.hkycrn.mlkitinitprovider"
218-->[com.google.mlkit:common:18.5.0] AndroidManifest.xml:11:13-69
219            android:exported="false"
219-->[com.google.mlkit:common:18.5.0] AndroidManifest.xml:12:13-37
220            android:initOrder="99" />
220-->[com.google.mlkit:common:18.5.0] AndroidManifest.xml:13:13-35
221
222        <activity
222-->[com.google.android.gms:play-services-base:18.1.0] AndroidManifest.xml:20:9-22:45
223            android:name="com.google.android.gms.common.api.GoogleApiActivity"
223-->[com.google.android.gms:play-services-base:18.1.0] AndroidManifest.xml:20:19-85
224            android:exported="false"
224-->[com.google.android.gms:play-services-base:18.1.0] AndroidManifest.xml:22:19-43
225            android:theme="@android:style/Theme.Translucent.NoTitleBar" />
225-->[com.google.android.gms:play-services-base:18.1.0] AndroidManifest.xml:21:19-78
226
227        <meta-data
227-->[com.google.android.gms:play-services-basement:18.1.0] AndroidManifest.xml:21:9-23:69
228            android:name="com.google.android.gms.version"
228-->[com.google.android.gms:play-services-basement:18.1.0] AndroidManifest.xml:22:13-58
229            android:value="@integer/google_play_services_version" />
229-->[com.google.android.gms:play-services-basement:18.1.0] AndroidManifest.xml:23:13-66
230
231        <provider
231-->[androidx.emoji2:emoji2:1.2.0] AndroidManifest.xml:24:9-32:20
232            android:name="androidx.startup.InitializationProvider"
232-->[androidx.emoji2:emoji2:1.2.0] AndroidManifest.xml:25:13-67
233            android:authorities="com.hkycrn.androidx-startup"
233-->[androidx.emoji2:emoji2:1.2.0] AndroidManifest.xml:26:13-68
234            android:exported="false" >
234-->[androidx.emoji2:emoji2:1.2.0] AndroidManifest.xml:27:13-37
235            <meta-data
235-->[androidx.emoji2:emoji2:1.2.0] AndroidManifest.xml:29:13-31:52
236                android:name="androidx.emoji2.text.EmojiCompatInitializer"
236-->[androidx.emoji2:emoji2:1.2.0] AndroidManifest.xml:30:17-75
237                android:value="androidx.startup" />
237-->[androidx.emoji2:emoji2:1.2.0] AndroidManifest.xml:31:17-49
238            <meta-data
238-->[androidx.lifecycle:lifecycle-process:2.6.2] AndroidManifest.xml:29:13-31:52
239                android:name="androidx.lifecycle.ProcessLifecycleInitializer"
239-->[androidx.lifecycle:lifecycle-process:2.6.2] AndroidManifest.xml:30:17-78
240                android:value="androidx.startup" />
240-->[androidx.lifecycle:lifecycle-process:2.6.2] AndroidManifest.xml:31:17-49
241            <meta-data
241-->[androidx.profileinstaller:profileinstaller:1.3.0] AndroidManifest.xml:29:13-31:52
242                android:name="androidx.profileinstaller.ProfileInstallerInitializer"
242-->[androidx.profileinstaller:profileinstaller:1.3.0] AndroidManifest.xml:30:17-85
243                android:value="androidx.startup" />
243-->[androidx.profileinstaller:profileinstaller:1.3.0] AndroidManifest.xml:31:17-49
244        </provider> <!-- 'android:authorities' must be unique in the device, across all apps -->
245        <provider
245-->[io.sentry:sentry-android-core:6.30.0] AndroidManifest.xml:12:9-15:40
246            android:name="io.sentry.android.core.SentryInitProvider"
246-->[io.sentry:sentry-android-core:6.30.0] AndroidManifest.xml:13:13-69
247            android:authorities="com.hkycrn.SentryInitProvider"
247-->[io.sentry:sentry-android-core:6.30.0] AndroidManifest.xml:14:13-70
248            android:exported="false" />
248-->[io.sentry:sentry-android-core:6.30.0] AndroidManifest.xml:15:13-37
249        <provider
249-->[io.sentry:sentry-android-core:6.30.0] AndroidManifest.xml:16:9-20:39
250            android:name="io.sentry.android.core.SentryPerformanceProvider"
250-->[io.sentry:sentry-android-core:6.30.0] AndroidManifest.xml:17:13-76
251            android:authorities="com.hkycrn.SentryPerformanceProvider"
251-->[io.sentry:sentry-android-core:6.30.0] AndroidManifest.xml:18:13-77
252            android:exported="false"
252-->[io.sentry:sentry-android-core:6.30.0] AndroidManifest.xml:19:13-37
253            android:initOrder="200" />
253-->[io.sentry:sentry-android-core:6.30.0] AndroidManifest.xml:20:13-36
254        <provider
254-->[com.squareup.picasso:picasso:2.8] AndroidManifest.xml:8:9-11:40
255            android:name="com.squareup.picasso.PicassoProvider"
255-->[com.squareup.picasso:picasso:2.8] AndroidManifest.xml:9:13-64
256            android:authorities="com.hkycrn.com.squareup.picasso"
256-->[com.squareup.picasso:picasso:2.8] AndroidManifest.xml:10:13-72
257            android:exported="false" />
257-->[com.squareup.picasso:picasso:2.8] AndroidManifest.xml:11:13-37
258
259        <receiver
259-->[androidx.profileinstaller:profileinstaller:1.3.0] AndroidManifest.xml:34:9-52:20
260            android:name="androidx.profileinstaller.ProfileInstallReceiver"
260-->[androidx.profileinstaller:profileinstaller:1.3.0] AndroidManifest.xml:35:13-76
261            android:directBootAware="false"
261-->[androidx.profileinstaller:profileinstaller:1.3.0] AndroidManifest.xml:36:13-44
262            android:enabled="true"
262-->[androidx.profileinstaller:profileinstaller:1.3.0] AndroidManifest.xml:37:13-35
263            android:exported="true"
263-->[androidx.profileinstaller:profileinstaller:1.3.0] AndroidManifest.xml:38:13-36
264            android:permission="android.permission.DUMP" >
264-->[androidx.profileinstaller:profileinstaller:1.3.0] AndroidManifest.xml:39:13-57
265            <intent-filter>
265-->[androidx.profileinstaller:profileinstaller:1.3.0] AndroidManifest.xml:40:13-42:29